# JRE version: Java(TM) SE Runtime Environment (21.0.1+12) (build 21.0.1+12-LTS-29)
# Java VM: Java HotSpot(TM) 64-Bit Server VM (21.0.1+12-LTS-29, mixed mode, sharing, tiered, compressed oops, compressed class ptrs, g1 gc, windows-amd64)
GC Precious Log:
 CardTable entry size: 512
 Card Set container configuration: InlinePtr #cards 5 size 8 Array Of Cards #cards 12 size 40 Howl #buckets 4 coarsen threshold 1843 Howl Bitmap #cards 512 size 80 coarsen threshold 460 Card regions per heap region 1 cards per card region 2048
 CPUs: 4 total, 4 available
 Memory: 16284M
 Large Page Support: Disabled
 NUMA Support: Disabled
 Compressed Oops: Enabled (32-bit)
 Heap Region Size: 1M
 Heap Min Capacity: 8M
 Heap Initial Capacity: 256M
 Heap Max Capacity: 2G
 Pre-touch: Disabled
 Parallel Workers: 4
 Concurrent Workers: 1
 Concurrent Refinement Workers: 4
 Periodic GC: Disabled
Heap:
 garbage-first heap   total 423936K, used 329728K [0x0000000080000000, 0x0000000100000000)
  region size 1024K, 59 young (60416K), 13 survivors (13312K)
 Metaspace       used 124865K, committed 127872K, reserved 1179648K
  class space    used 16388K, committed 17984K, reserved 1048576K
GC Heap History (20 events):
Event: 77.550 GC heap before
{Heap before GC invocations=41 (full 0):
 garbage-first heap   total 322560K, used 272472K [0x0000000080000000, 0x0000000100000000)
  region size 1024K, 95 young (97280K), 9 survivors (9216K)
 Metaspace       used 95989K, committed 98176K, reserved 1179648K
  class space    used 13407K, committed 14528K, reserved 1048576K
}
Event: 77.556 GC heap after
{Heap after GC invocations=42 (full 0):
 garbage-first heap   total 322560K, used 186932K [0x0000000080000000, 0x0000000100000000)
  region size 1024K, 8 young (8192K), 8 survivors (8192K)
 Metaspace       used 95989K, committed 98176K, reserved 1179648K
  class space    used 13407K, committed 14528K, reserved 1048576K
}
Event: 80.016 GC heap before
{Heap before GC invocations=42 (full 0):
 garbage-first heap   total 322560K, used 287284K [0x0000000080000000, 0x0000000100000000)
  region size 1024K, 106 young (108544K), 8 survivors (8192K)
 Metaspace       used 95989K, committed 98176K, reserved 1179648K
  class space    used 13407K, committed 14528K, reserved 1048576K
}
Event: 80.024 GC heap after
{Heap after GC invocations=43 (full 0):
 garbage-first heap   total 322560K, used 189274K [0x0000000080000000, 0x0000000100000000)
  region size 1024K, 9 young (9216K), 9 survivors (9216K)
 Metaspace       used 95989K, committed 98176K, reserved 1179648K
  class space    used 13407K, committed 14528K, reserved 1048576K
}
Event: 80.899 GC heap before
{Heap before GC invocations=43 (full 0):
 garbage-first heap   total 322560K, used 228186K [0x0000000080000000, 0x0000000100000000)
  region size 1024K, 48 young (49152K), 9 survivors (9216K)
 Metaspace       used 96023K, committed 98240K, reserved 1179648K
  class space    used 13418K, committed 14528K, reserved 1048576K
}
Event: 80.905 GC heap after
{Heap after GC invocations=44 (full 0):
 garbage-first heap   total 322560K, used 190872K [0x0000000080000000, 0x0000000100000000)
  region size 1024K, 8 young (8192K), 8 survivors (8192K)
 Metaspace       used 96023K, committed 98240K, reserved 1179648K
  class space    used 13418K, committed 14528K, reserved 1048576K
}
Event: 83.342 GC heap before
{Heap before GC invocations=45 (full 0):
 garbage-first heap   total 378880K, used 312728K [0x0000000080000000, 0x0000000100000000)
  region size 1024K, 108 young (110592K), 8 survivors (8192K)
 Metaspace       used 105349K, committed 107584K, reserved 1179648K
  class space    used 14576K, committed 15680K, reserved 1048576K
}
Event: 83.356 GC heap after
{Heap after GC invocations=46 (full 0):
 garbage-first heap   total 378880K, used 201263K [0x0000000080000000, 0x0000000100000000)
  region size 1024K, 14 young (14336K), 14 survivors (14336K)
 Metaspace       used 105349K, committed 107584K, reserved 1179648K
  class space    used 14576K, committed 15680K, reserved 1048576K
}
Event: 85.850 GC heap before
{Heap before GC invocations=46 (full 0):
 garbage-first heap   total 378880K, used 319023K [0x0000000080000000, 0x0000000100000000)
  region size 1024K, 125 young (128000K), 14 survivors (14336K)
 Metaspace       used 109354K, committed 111616K, reserved 1179648K
  class space    used 14903K, committed 16000K, reserved 1048576K
}
Event: 85.871 GC heap after
{Heap after GC invocations=47 (full 0):
 garbage-first heap   total 378880K, used 211456K [0x0000000080000000, 0x0000000100000000)
  region size 1024K, 13 young (13312K), 13 survivors (13312K)
 Metaspace       used 109354K, committed 111616K, reserved 1179648K
  class space    used 14903K, committed 16000K, reserved 1048576K
}
Event: 244.257 GC heap before
{Heap before GC invocations=47 (full 0):
 garbage-first heap   total 378880K, used 340480K [0x0000000080000000, 0x0000000100000000)
  region size 1024K, 139 young (142336K), 13 survivors (13312K)
 Metaspace       used 116316K, committed 118720K, reserved 1179648K
  class space    used 15732K, committed 16960K, reserved 1048576K
}
Event: 244.276 GC heap after
{Heap after GC invocations=48 (full 0):
 garbage-first heap   total 378880K, used 221696K [0x0000000080000000, 0x0000000100000000)
  region size 1024K, 11 young (11264K), 11 survivors (11264K)
 Metaspace       used 116316K, committed 118720K, reserved 1179648K
  class space    used 15732K, committed 16960K, reserved 1048576K
}
Event: 2005.123 GC heap before
{Heap before GC invocations=49 (full 0):
 garbage-first heap   total 378880K, used 341504K [0x0000000080000000, 0x0000000100000000)
  region size 1024K, 129 young (132096K), 11 survivors (11264K)
 Metaspace       used 117790K, committed 120256K, reserved 1179648K
  class space    used 15892K, committed 17152K, reserved 1048576K
}
Event: 2005.133 GC heap after
{Heap after GC invocations=50 (full 0):
 garbage-first heap   total 378880K, used 222713K [0x0000000080000000, 0x0000000100000000)
  region size 1024K, 2 young (2048K), 2 survivors (2048K)
 Metaspace       used 117790K, committed 120256K, reserved 1179648K
  class space    used 15892K, committed 17152K, reserved 1048576K
}
Event: 2020.363 GC heap before
{Heap before GC invocations=50 (full 0):
 garbage-first heap   total 378880K, used 348665K [0x0000000080000000, 0x0000000100000000)
  region size 1024K, 126 young (129024K), 2 survivors (2048K)
 Metaspace       used 120273K, committed 122688K, reserved 1179648K
  class space    used 16201K, committed 17408K, reserved 1048576K
}
Event: 2020.381 GC heap after
{Heap after GC invocations=51 (full 0):
 garbage-first heap   total 378880K, used 236491K [0x0000000080000000, 0x0000000100000000)
  region size 1024K, 16 young (16384K), 16 survivors (16384K)
 Metaspace       used 120273K, committed 122688K, reserved 1179648K
  class space    used 16201K, committed 17408K, reserved 1048576K
}
Event: 2023.148 GC heap before
{Heap before GC invocations=51 (full 0):
 garbage-first heap   total 378880K, used 341963K [0x0000000080000000, 0x0000000100000000)
  region size 1024K, 120 young (122880K), 16 survivors (16384K)
 Metaspace       used 124636K, committed 127104K, reserved 1179648K
  class space    used 16701K, committed 17984K, reserved 1048576K
}
Event: 2023.171 GC heap after
{Heap after GC invocations=52 (full 0):
 garbage-first heap   total 378880K, used 249856K [0x0000000080000000, 0x0000000100000000)
  region size 1024K, 14 young (14336K), 14 survivors (14336K)
 Metaspace       used 124636K, committed 127104K, reserved 1179648K
  class space    used 16701K, committed 17984K, reserved 1048576K
}
Event: 2027.171 GC heap before
{Heap before GC invocations=53 (full 0):
 garbage-first heap   total 423936K, used 357376K [0x0000000080000000, 0x0000000100000000)
  region size 1024K, 104 young (106496K), 14 survivors (14336K)
 Metaspace       used 122471K, committed 127232K, reserved 1179648K
  class space    used 16084K, committed 17984K, reserved 1048576K
}
Event: 2027.202 GC heap after
{Heap after GC invocations=54 (full 0):
 garbage-first heap   total 423936K, used 281600K [0x0000000080000000, 0x0000000100000000)
  region size 1024K, 13 young (13312K), 13 survivors (13312K)
 Metaspace       used 122471K, committed 127232K, reserved 1179648K
  class space    used 16084K, committed 17984K, reserved 1048576K
}

