# JRE version: Java(TM) SE Runtime Environment (21.0.1+12) (build 21.0.1+12-LTS-29)
# Java VM: Java HotSpot(TM) 64-Bit Server VM (21.0.1+12-LTS-29, mixed mode, sharing, tiered, compressed oops, compressed class ptrs, g1 gc, windows-amd64)
GC Precious Log:
 CardTable entry size: 512
 Card Set container configuration: InlinePtr #cards 4 size 8 Array Of Cards #cards 16 size 48 Howl #buckets 8 coarsen threshold 3686 Howl Bitmap #cards 512 size 80 coarsen threshold 460 Card regions per heap region 1 cards per card region 4096
 CPUs: 4 total, 4 available
 Memory: 16284M
 Large Page Support: Disabled
 NUMA Support: Disabled
 Compressed Oops: Enabled (Zero based)
 Heap Region Size: 2M
 Heap Min Capacity: 8M
 Heap Initial Capacity: 256M
 Heap Max Capacity: 4072M
 Pre-touch: Disabled
 Parallel Workers: 4
 Concurrent Workers: 1
 Concurrent Refinement Workers: 4
 Periodic GC: Disabled
Heap:
 garbage-first heap   total 137216K, used 119210K [0x0000000701800000, 0x0000000800000000)
  region size 2048K, 20 young (40960K), 2 survivors (4096K)
 Metaspace       used 67425K, committed 68288K, reserved 1114112K
  class space    used 7528K, committed 7936K, reserved 1048576K
GC Heap History (20 events):
Event: 3.337 GC heap after
{Heap after GC invocations=7 (full 0):
 garbage-first heap   total 122880K, used 28672K [0x0000000701800000, 0x0000000800000000)
  region size 2048K, 2 young (4096K), 2 survivors (4096K)
 Metaspace       used 35555K, committed 36288K, reserved 1114112K
  class space    used 4464K, committed 4864K, reserved 1048576K
}
Event: 4.079 GC heap before
{Heap before GC invocations=8 (full 0):
 garbage-first heap   total 102400K, used 83968K [0x0000000701800000, 0x0000000800000000)
  region size 2048K, 30 young (61440K), 2 survivors (4096K)
 Metaspace       used 39492K, committed 40256K, reserved 1114112K
  class space    used 4909K, committed 5248K, reserved 1048576K
}
Event: 4.096 GC heap after
{Heap after GC invocations=9 (full 0):
 garbage-first heap   total 102400K, used 37729K [0x0000000701800000, 0x0000000800000000)
  region size 2048K, 4 young (8192K), 4 survivors (8192K)
 Metaspace       used 39492K, committed 40256K, reserved 1114112K
  class space    used 4909K, committed 5248K, reserved 1048576K
}
Event: 4.754 GC heap before
{Heap before GC invocations=9 (full 0):
 garbage-first heap   total 102400K, used 80737K [0x0000000701800000, 0x0000000800000000)
  region size 2048K, 25 young (51200K), 4 survivors (8192K)
 Metaspace       used 44476K, committed 45184K, reserved 1114112K
  class space    used 5471K, committed 5824K, reserved 1048576K
}
Event: 4.774 GC heap after
{Heap after GC invocations=10 (full 0):
 garbage-first heap   total 102400K, used 43094K [0x0000000701800000, 0x0000000800000000)
  region size 2048K, 3 young (6144K), 3 survivors (6144K)
 Metaspace       used 44476K, committed 45184K, reserved 1114112K
  class space    used 5471K, committed 5824K, reserved 1048576K
}
Event: 6.107 GC heap before
{Heap before GC invocations=10 (full 0):
 garbage-first heap   total 102400K, used 84054K [0x0000000701800000, 0x0000000800000000)
  region size 2048K, 23 young (47104K), 3 survivors (6144K)
 Metaspace       used 49498K, committed 50304K, reserved 1114112K
  class space    used 5911K, committed 6272K, reserved 1048576K
}
Event: 6.125 GC heap after
{Heap after GC invocations=11 (full 0):
 garbage-first heap   total 102400K, used 49152K [0x0000000701800000, 0x0000000800000000)
  region size 2048K, 3 young (6144K), 3 survivors (6144K)
 Metaspace       used 49498K, committed 50304K, reserved 1114112K
  class space    used 5911K, committed 6272K, reserved 1048576K
}
Event: 6.692 GC heap before
{Heap before GC invocations=11 (full 0):
 garbage-first heap   total 102400K, used 86016K [0x0000000701800000, 0x0000000800000000)
  region size 2048K, 21 young (43008K), 3 survivors (6144K)
 Metaspace       used 50214K, committed 50944K, reserved 1114112K
  class space    used 5929K, committed 6272K, reserved 1048576K
}
Event: 6.713 GC heap after
{Heap after GC invocations=12 (full 0):
 garbage-first heap   total 102400K, used 56328K [0x0000000701800000, 0x0000000800000000)
  region size 2048K, 3 young (6144K), 3 survivors (6144K)
 Metaspace       used 50214K, committed 50944K, reserved 1114112K
  class space    used 5929K, committed 6272K, reserved 1048576K
}
Event: 7.354 GC heap before
{Heap before GC invocations=12 (full 0):
 garbage-first heap   total 102400K, used 87048K [0x0000000701800000, 0x0000000800000000)
  region size 2048K, 18 young (36864K), 3 survivors (6144K)
 Metaspace       used 52937K, committed 53760K, reserved 1114112K
  class space    used 6269K, committed 6656K, reserved 1048576K
}
Event: 7.371 GC heap after
{Heap after GC invocations=13 (full 0):
 garbage-first heap   total 124928K, used 61882K [0x0000000701800000, 0x0000000800000000)
  region size 2048K, 3 young (6144K), 3 survivors (6144K)
 Metaspace       used 52937K, committed 53760K, reserved 1114112K
  class space    used 6269K, committed 6656K, reserved 1048576K
}
Event: 8.461 GC heap before
{Heap before GC invocations=14 (full 0):
 garbage-first heap   total 124928K, used 106938K [0x0000000701800000, 0x0000000800000000)
  region size 2048K, 24 young (49152K), 3 survivors (6144K)
 Metaspace       used 55267K, committed 56064K, reserved 1114112K
  class space    used 6434K, committed 6848K, reserved 1048576K
}
Event: 8.478 GC heap after
{Heap after GC invocations=15 (full 0):
 garbage-first heap   total 124928K, used 69071K [0x0000000701800000, 0x0000000800000000)
  region size 2048K, 3 young (6144K), 3 survivors (6144K)
 Metaspace       used 55267K, committed 56064K, reserved 1114112K
  class space    used 6434K, committed 6848K, reserved 1048576K
}
Event: 9.387 GC heap before
{Heap before GC invocations=15 (full 0):
 garbage-first heap   total 124928K, used 107983K [0x0000000701800000, 0x0000000800000000)
  region size 2048K, 22 young (45056K), 3 survivors (6144K)
 Metaspace       used 56062K, committed 56896K, reserved 1114112K
  class space    used 6456K, committed 6848K, reserved 1048576K
}
Event: 9.417 GC heap after
{Heap after GC invocations=16 (full 0):
 garbage-first heap   total 124928K, used 72680K [0x0000000701800000, 0x0000000800000000)
  region size 2048K, 3 young (6144K), 3 survivors (6144K)
 Metaspace       used 56062K, committed 56896K, reserved 1114112K
  class space    used 6456K, committed 6848K, reserved 1048576K
}
Event: 10.020 GC heap before
{Heap before GC invocations=16 (full 0):
 garbage-first heap   total 124928K, used 107496K [0x0000000701800000, 0x0000000800000000)
  region size 2048K, 20 young (40960K), 3 survivors (6144K)
 Metaspace       used 61295K, committed 62144K, reserved 1114112K
  class space    used 6957K, committed 7360K, reserved 1048576K
}
Event: 10.033 GC heap after
{Heap after GC invocations=17 (full 0):
 garbage-first heap   total 124928K, used 76170K [0x0000000701800000, 0x0000000800000000)
  region size 2048K, 2 young (4096K), 2 survivors (4096K)
 Metaspace       used 61295K, committed 62144K, reserved 1114112K
  class space    used 6957K, committed 7360K, reserved 1048576K
}
Event: 10.571 GC heap before
{Heap before GC invocations=18 (full 0):
 garbage-first heap   total 137216K, used 108938K [0x0000000701800000, 0x0000000800000000)
  region size 2048K, 18 young (36864K), 2 survivors (4096K)
 Metaspace       used 61836K, committed 62656K, reserved 1114112K
  class space    used 7004K, committed 7424K, reserved 1048576K
}
Event: 10.582 GC heap after
{Heap after GC invocations=19 (full 0):
 garbage-first heap   total 137216K, used 82346K [0x0000000701800000, 0x0000000800000000)
  region size 2048K, 3 young (6144K), 3 survivors (6144K)
 Metaspace       used 61836K, committed 62656K, reserved 1114112K
  class space    used 7004K, committed 7424K, reserved 1048576K
}
Event: 11.185 GC heap before
{Heap before GC invocations=19 (full 0):
 garbage-first heap   total 137216K, used 117162K [0x0000000701800000, 0x0000000800000000)
  region size 2048K, 21 young (43008K), 3 survivors (6144K)
 Metaspace       used 67425K, committed 68288K, reserved 1114112K
  class space    used 7528K, committed 7936K, reserved 1048576K
}

