# JRE version: Java(TM) SE Runtime Environment (21.0.1+12) (build 21.0.1+12-LTS-29)
# Java VM: Java HotSpot(TM) 64-Bit Server VM (21.0.1+12-LTS-29, mixed mode, sharing, tiered, compressed oops, compressed class ptrs, g1 gc, windows-amd64)
GC Precious Log:
 CardTable entry size: 512
 Card Set container configuration: InlinePtr #cards 5 size 8 Array Of Cards #cards 12 size 40 Howl #buckets 4 coarsen threshold 1843 Howl Bitmap #cards 512 size 80 coarsen threshold 460 Card regions per heap region 1 cards per card region 2048
 CPUs: 4 total, 4 available
 Memory: 16284M
 Large Page Support: Disabled
 NUMA Support: Disabled
 Compressed Oops: Enabled (32-bit)
 Heap Region Size: 1M
 Heap Min Capacity: 8M
 Heap Initial Capacity: 256M
 Heap Max Capacity: 2G
 Pre-touch: Disabled
 Parallel Workers: 4
 Concurrent Workers: 1
 Concurrent Refinement Workers: 4
 Periodic GC: Disabled
Heap:
 garbage-first heap   total 363520K, used 284160K [0x0000000080000000, 0x0000000100000000)
  region size 1024K, 49 young (50176K), 2 survivors (2048K)
 Metaspace       used 159759K, committed 162624K, reserved 1245184K
  class space    used 21298K, committed 22720K, reserved 1048576K
GC Heap History (20 events):
Event: 27.212 GC heap before
{Heap before GC invocations=35 (full 0):
 garbage-first heap   total 238592K, used 205312K [0x0000000080000000, 0x0000000100000000)
  region size 1024K, 55 young (56320K), 9 survivors (9216K)
 Metaspace       used 103663K, committed 105856K, reserved 1179648K
  class space    used 14618K, committed 15680K, reserved 1048576K
}
Event: 27.227 GC heap after
{Heap after GC invocations=36 (full 0):
 garbage-first heap   total 238592K, used 167220K [0x0000000080000000, 0x0000000100000000)
  region size 1024K, 7 young (7168K), 7 survivors (7168K)
 Metaspace       used 103663K, committed 105856K, reserved 1179648K
  class space    used 14618K, committed 15680K, reserved 1048576K
}
Event: 28.729 GC heap before
{Heap before GC invocations=37 (full 0):
 garbage-first heap   total 301056K, used 221492K [0x0000000080000000, 0x0000000100000000)
  region size 1024K, 53 young (54272K), 7 survivors (7168K)
 Metaspace       used 107452K, committed 109696K, reserved 1179648K
  class space    used 14982K, committed 16064K, reserved 1048576K
}
Event: 28.739 GC heap after
{Heap after GC invocations=38 (full 0):
 garbage-first heap   total 301056K, used 179045K [0x0000000080000000, 0x0000000100000000)
  region size 1024K, 6 young (6144K), 6 survivors (6144K)
 Metaspace       used 107452K, committed 109696K, reserved 1179648K
  class space    used 14982K, committed 16064K, reserved 1048576K
}
Event: 29.962 GC heap before
{Heap before GC invocations=38 (full 0):
 garbage-first heap   total 301056K, used 260965K [0x0000000080000000, 0x0000000100000000)
  region size 1024K, 86 young (88064K), 6 survivors (6144K)
 Metaspace       used 117710K, committed 120256K, reserved 1179648K
  class space    used 16231K, committed 17472K, reserved 1048576K
}
Event: 29.972 GC heap after
{Heap after GC invocations=39 (full 0):
 garbage-first heap   total 301056K, used 181498K [0x0000000080000000, 0x0000000100000000)
  region size 1024K, 10 young (10240K), 10 survivors (10240K)
 Metaspace       used 117710K, committed 120256K, reserved 1179648K
  class space    used 16231K, committed 17472K, reserved 1048576K
}
Event: 30.062 GC heap before
{Heap before GC invocations=39 (full 0):
 garbage-first heap   total 301056K, used 185594K [0x0000000080000000, 0x0000000100000000)
  region size 1024K, 15 young (15360K), 10 survivors (10240K)
 Metaspace       used 118336K, committed 120896K, reserved 1179648K
  class space    used 16298K, committed 17536K, reserved 1048576K
}
Event: 30.070 GC heap after
{Heap after GC invocations=40 (full 0):
 garbage-first heap   total 301056K, used 182710K [0x0000000080000000, 0x0000000100000000)
  region size 1024K, 6 young (6144K), 6 survivors (6144K)
 Metaspace       used 118336K, committed 120896K, reserved 1179648K
  class space    used 16298K, committed 17536K, reserved 1048576K
}
Event: 31.349 GC heap before
{Heap before GC invocations=41 (full 0):
 garbage-first heap   total 337920K, used 270774K [0x0000000080000000, 0x0000000100000000)
  region size 1024K, 91 young (93184K), 6 survivors (6144K)
 Metaspace       used 120836K, committed 123392K, reserved 1179648K
  class space    used 16557K, committed 17792K, reserved 1048576K
}
Event: 31.361 GC heap after
{Heap after GC invocations=42 (full 0):
 garbage-first heap   total 337920K, used 188628K [0x0000000080000000, 0x0000000100000000)
  region size 1024K, 12 young (12288K), 12 survivors (12288K)
 Metaspace       used 120836K, committed 123392K, reserved 1179648K
  class space    used 16557K, committed 17792K, reserved 1048576K
}
Event: 33.266 GC heap before
{Heap before GC invocations=42 (full 0):
 garbage-first heap   total 337920K, used 298196K [0x0000000080000000, 0x0000000100000000)
  region size 1024K, 120 young (122880K), 12 survivors (12288K)
 Metaspace       used 131639K, committed 134208K, reserved 1179648K
  class space    used 17681K, committed 18944K, reserved 1048576K
}
Event: 33.282 GC heap after
{Heap after GC invocations=43 (full 0):
 garbage-first heap   total 337920K, used 196608K [0x0000000080000000, 0x0000000100000000)
  region size 1024K, 15 young (15360K), 15 survivors (15360K)
 Metaspace       used 131639K, committed 134208K, reserved 1179648K
  class space    used 17681K, committed 18944K, reserved 1048576K
}
Event: 35.646 GC heap before
{Heap before GC invocations=43 (full 0):
 garbage-first heap   total 337920K, used 304128K [0x0000000080000000, 0x0000000100000000)
  region size 1024K, 120 young (122880K), 15 survivors (15360K)
 Metaspace       used 145555K, committed 148160K, reserved 1179648K
  class space    used 19082K, committed 20352K, reserved 1048576K
}
Event: 35.665 GC heap after
{Heap after GC invocations=44 (full 0):
 garbage-first heap   total 337920K, used 200469K [0x0000000080000000, 0x0000000100000000)
  region size 1024K, 4 young (4096K), 4 survivors (4096K)
 Metaspace       used 145555K, committed 148160K, reserved 1179648K
  class space    used 19082K, committed 20352K, reserved 1048576K
}
Event: 37.424 GC heap before
{Heap before GC invocations=45 (full 0):
 garbage-first heap   total 345088K, used 310037K [0x0000000080000000, 0x0000000100000000)
  region size 1024K, 110 young (112640K), 4 survivors (4096K)
 Metaspace       used 153018K, committed 155712K, reserved 1245184K
  class space    used 20319K, committed 21632K, reserved 1048576K
}
Event: 37.432 GC heap after
{Heap after GC invocations=46 (full 0):
 garbage-first heap   total 345088K, used 203814K [0x0000000080000000, 0x0000000100000000)
  region size 1024K, 7 young (7168K), 7 survivors (7168K)
 Metaspace       used 153018K, committed 155712K, reserved 1245184K
  class space    used 20319K, committed 21632K, reserved 1048576K
}
Event: 38.999 GC heap before
{Heap before GC invocations=46 (full 0):
 garbage-first heap   total 345088K, used 338982K [0x0000000080000000, 0x0000000100000000)
  region size 1024K, 119 young (121856K), 7 survivors (7168K)
 Metaspace       used 159126K, committed 161920K, reserved 1245184K
  class space    used 21206K, committed 22592K, reserved 1048576K
}
Event: 39.022 GC heap after
{Heap after GC invocations=47 (full 0):
 garbage-first heap   total 363520K, used 231324K [0x0000000080000000, 0x0000000100000000)
  region size 1024K, 15 young (15360K), 15 survivors (15360K)
 Metaspace       used 159126K, committed 161920K, reserved 1245184K
  class space    used 21206K, committed 22592K, reserved 1048576K
}
Event: 39.154 GC heap before
{Heap before GC invocations=47 (full 0):
 garbage-first heap   total 363520K, used 237468K [0x0000000080000000, 0x0000000100000000)
  region size 1024K, 22 young (22528K), 15 survivors (15360K)
 Metaspace       used 159754K, committed 162624K, reserved 1245184K
  class space    used 21297K, committed 22720K, reserved 1048576K
}
Event: 39.166 GC heap after
{Heap after GC invocations=48 (full 0):
 garbage-first heap   total 363520K, used 233984K [0x0000000080000000, 0x0000000100000000)
  region size 1024K, 2 young (2048K), 2 survivors (2048K)
 Metaspace       used 159754K, committed 162624K, reserved 1245184K
  class space    used 21297K, committed 22720K, reserved 1048576K
}

