# JRE version: Java(TM) SE Runtime Environment (21.0.1+12) (build 21.0.1+12-LTS-29)
# Java VM: Java HotSpot(TM) 64-Bit Server VM (21.0.1+12-LTS-29, mixed mode, sharing, tiered, compressed oops, compressed class ptrs, g1 gc, windows-amd64)
GC Precious Log:
 CardTable entry size: 512
 Card Set container configuration: InlinePtr #cards 5 size 8 Array Of Cards #cards 12 size 40 Howl #buckets 4 coarsen threshold 1843 Howl Bitmap #cards 512 size 80 coarsen threshold 460 Card regions per heap region 1 cards per card region 2048
 CPUs: 4 total, 4 available
 Memory: 16284M
 Large Page Support: Disabled
 NUMA Support: Disabled
 Compressed Oops: Enabled (32-bit)
 Heap Region Size: 1M
 Heap Min Capacity: 8M
 Heap Initial Capacity: 256M
 Heap Max Capacity: 2G
 Pre-touch: Disabled
 Parallel Workers: 4
 Concurrent Workers: 1
 Concurrent Refinement Workers: 4
 Periodic GC: Disabled
Heap:
 garbage-first heap   total 406528K, used 379292K [0x0000000080000000, 0x0000000100000000)
  region size 1024K, 185 young (189440K), 14 survivors (14336K)
 Metaspace       used 157064K, committed 159552K, reserved 1245184K
  class space    used 21423K, committed 22656K, reserved 1048576K
GC Heap History (20 events):
Event: 65.415 GC heap after
{Heap after GC invocations=66 (full 0):
 garbage-first heap   total 339968K, used 182082K [0x0000000080000000, 0x0000000100000000)
  region size 1024K, 6 young (6144K), 6 survivors (6144K)
 Metaspace       used 136253K, committed 138688K, reserved 1179648K
  class space    used 18254K, committed 19456K, reserved 1048576K
}
Event: 67.272 GC heap before
{Heap before GC invocations=66 (full 0):
 garbage-first heap   total 339968K, used 318274K [0x0000000080000000, 0x0000000100000000)
  region size 1024K, 136 young (139264K), 6 survivors (6144K)
 Metaspace       used 137508K, committed 139968K, reserved 1179648K
  class space    used 18395K, committed 19584K, reserved 1048576K
}
Event: 67.280 GC heap after
{Heap after GC invocations=67 (full 0):
 garbage-first heap   total 339968K, used 178939K [0x0000000080000000, 0x0000000100000000)
  region size 1024K, 5 young (5120K), 5 survivors (5120K)
 Metaspace       used 137508K, committed 139968K, reserved 1179648K
  class space    used 18395K, committed 19584K, reserved 1048576K
}
Event: 67.656 GC heap before
{Heap before GC invocations=67 (full 0):
 garbage-first heap   total 339968K, used 187131K [0x0000000080000000, 0x0000000100000000)
  region size 1024K, 15 young (15360K), 5 survivors (5120K)
 Metaspace       used 137571K, committed 139968K, reserved 1179648K
  class space    used 18400K, committed 19584K, reserved 1048576K
}
Event: 67.662 GC heap after
{Heap after GC invocations=68 (full 0):
 garbage-first heap   total 339968K, used 179403K [0x0000000080000000, 0x0000000100000000)
  region size 1024K, 6 young (6144K), 6 survivors (6144K)
 Metaspace       used 137571K, committed 139968K, reserved 1179648K
  class space    used 18400K, committed 19584K, reserved 1048576K
}
Event: 68.653 GC heap before
{Heap before GC invocations=69 (full 0):
 garbage-first heap   total 362496K, used 302283K [0x0000000080000000, 0x0000000100000000)
  region size 1024K, 125 young (128000K), 6 survivors (6144K)
 Metaspace       used 146215K, committed 148672K, reserved 1179648K
  class space    used 19692K, committed 20928K, reserved 1048576K
}
Event: 68.674 GC heap after
{Heap after GC invocations=70 (full 0):
 garbage-first heap   total 362496K, used 193489K [0x0000000080000000, 0x0000000100000000)
  region size 1024K, 16 young (16384K), 16 survivors (16384K)
 Metaspace       used 146215K, committed 148672K, reserved 1179648K
  class space    used 19692K, committed 20928K, reserved 1048576K
}
Event: 70.361 GC heap before
{Heap before GC invocations=70 (full 0):
 garbage-first heap   total 362496K, used 318417K [0x0000000080000000, 0x0000000100000000)
  region size 1024K, 139 young (142336K), 16 survivors (16384K)
 Metaspace       used 153250K, committed 155712K, reserved 1245184K
  class space    used 20657K, committed 21888K, reserved 1048576K
}
Event: 70.386 GC heap after
{Heap after GC invocations=71 (full 0):
 garbage-first heap   total 362496K, used 195567K [0x0000000080000000, 0x0000000100000000)
  region size 1024K, 6 young (6144K), 6 survivors (6144K)
 Metaspace       used 153250K, committed 155712K, reserved 1245184K
  class space    used 20657K, committed 21888K, reserved 1048576K
}
Event: 71.189 GC heap before
{Heap before GC invocations=71 (full 0):
 garbage-first heap   total 362496K, used 260079K [0x0000000080000000, 0x0000000100000000)
  region size 1024K, 69 young (70656K), 6 survivors (6144K)
 Metaspace       used 154439K, committed 156864K, reserved 1245184K
  class space    used 20757K, committed 21952K, reserved 1048576K
}
Event: 71.202 GC heap after
{Heap after GC invocations=72 (full 0):
 garbage-first heap   total 362496K, used 198703K [0x0000000080000000, 0x0000000100000000)
  region size 1024K, 9 young (9216K), 9 survivors (9216K)
 Metaspace       used 154439K, committed 156864K, reserved 1245184K
  class space    used 20757K, committed 21952K, reserved 1048576K
}
Event: 72.549 GC heap before
{Heap before GC invocations=73 (full 0):
 garbage-first heap   total 362496K, used 328751K [0x0000000080000000, 0x0000000100000000)
  region size 1024K, 136 young (139264K), 9 survivors (9216K)
 Metaspace       used 154893K, committed 157312K, reserved 1245184K
  class space    used 20821K, committed 22016K, reserved 1048576K
}
Event: 72.559 GC heap after
{Heap after GC invocations=74 (full 0):
 garbage-first heap   total 362496K, used 193132K [0x0000000080000000, 0x0000000100000000)
  region size 1024K, 6 young (6144K), 6 survivors (6144K)
 Metaspace       used 154893K, committed 157312K, reserved 1245184K
  class space    used 20821K, committed 22016K, reserved 1048576K
}
Event: 73.921 GC heap before
{Heap before GC invocations=74 (full 0):
 garbage-first heap   total 362496K, used 333420K [0x0000000080000000, 0x0000000100000000)
  region size 1024K, 144 young (147456K), 6 survivors (6144K)
 Metaspace       used 155626K, committed 158080K, reserved 1245184K
  class space    used 20934K, committed 22144K, reserved 1048576K
}
Event: 73.936 GC heap after
{Heap after GC invocations=75 (full 0):
 garbage-first heap   total 362496K, used 195903K [0x0000000080000000, 0x0000000100000000)
  region size 1024K, 12 young (12288K), 12 survivors (12288K)
 Metaspace       used 155626K, committed 158080K, reserved 1245184K
  class space    used 20934K, committed 22144K, reserved 1048576K
}
Event: 74.877 GC heap before
{Heap before GC invocations=75 (full 0):
 garbage-first heap   total 362496K, used 325951K [0x0000000080000000, 0x0000000100000000)
  region size 1024K, 140 young (143360K), 12 survivors (12288K)
 Metaspace       used 155996K, committed 158464K, reserved 1245184K
  class space    used 20963K, committed 22208K, reserved 1048576K
}
Event: 74.889 GC heap after
{Heap after GC invocations=76 (full 0):
 garbage-first heap   total 362496K, used 192173K [0x0000000080000000, 0x0000000100000000)
  region size 1024K, 4 young (4096K), 4 survivors (4096K)
 Metaspace       used 155996K, committed 158464K, reserved 1245184K
  class space    used 20963K, committed 22208K, reserved 1048576K
}
Event: 77.070 GC heap before
{Heap before GC invocations=77 (full 0):
 garbage-first heap   total 399360K, used 396973K [0x0000000080000000, 0x0000000100000000)
  region size 1024K, 114 young (116736K), 4 survivors (4096K)
 Metaspace       used 145418K, committed 147904K, reserved 1245184K
  class space    used 19564K, committed 20800K, reserved 1048576K
}
Event: 77.081 GC heap after
{Heap after GC invocations=78 (full 0):
 garbage-first heap   total 406528K, used 201116K [0x0000000080000000, 0x0000000100000000)
  region size 1024K, 7 young (7168K), 7 survivors (7168K)
 Metaspace       used 145418K, committed 147904K, reserved 1245184K
  class space    used 19564K, committed 20800K, reserved 1048576K
}
Event: 181.249 GC heap before
{Heap before GC invocations=78 (full 0):
 garbage-first heap   total 406528K, used 378268K [0x0000000080000000, 0x0000000100000000)
  region size 1024K, 178 young (182272K), 7 survivors (7168K)
 Metaspace       used 157064K, committed 159552K, reserved 1245184K
  class space    used 21423K, committed 22656K, reserved 1048576K
}

